<?xml version="1.0" encoding="UTF-8"?>
<!-- Generated by org.testng.reporters.JUnitReportReporter -->
<testsuite hostname="LAPTOP-HSH79DK9" failures="0" tests="1" name="testScripts.Testcase1" time="37.376" errors="0" timestamp="2022-11-24T19:27:19 IST" skipped="0">
  <testcase classname="testScripts.Testcase1" name="firstTest" time="37.376"/>
  <system-out/>
</testsuite> <!-- testScripts.Testcase1 -->
